<?xml version="1.0" encoding="UTF-8"?>
<!-- Generated by org.testng.reporters.JUnitReportReporter -->
<testsuite hostname="JAGA" name="autoIT.FileUpload" tests="1" failures="0" timestamp="8 Aug 2017 16:19:53 GMT" time="3.807" errors="0">
  <testcase name="fileUpload" time="3.807" classname="autoIT.FileUpload"/>
</testsuite> <!-- autoIT.FileUpload -->
