<?xml version="1.0" encoding="UTF-8"?>
<!-- Generated by org.testng.reporters.JUnitReportReporter -->
<testsuite hostname="JAGA" name="robotClass.DownloadFileUsingKeys" tests="1" failures="0" timestamp="9 Aug 2017 14:58:13 GMT" time="17.280" errors="0">
  <testcase name="downloadFile" time="17.280" classname="robotClass.DownloadFileUsingKeys"/>
</testsuite> <!-- robotClass.DownloadFileUsingKeys -->
