<?xml version="1.0" encoding="UTF-8"?>
<!-- Generated by org.testng.reporters.JUnitReportReporter -->
<testsuite hostname="JAGA" name="robotClass.UploadFileUsingKeys" tests="1" failures="0" timestamp="2 Sep 2017 03:25:05 GMT" time="18.282" errors="0">
  <testcase name="uploadFile" time="18.282" classname="robotClass.UploadFileUsingKeys"/>
</testsuite> <!-- robotClass.UploadFileUsingKeys -->
