<?xml version="1.0" encoding="UTF-8"?>
<!-- Generated by org.testng.reporters.JUnitReportReporter -->
<testsuite hostname="JAGA" name="robotClass.DownloadFileUsingMouseMove" tests="1" failures="0" timestamp="19 Aug 2017 03:25:43 GMT" time="20.966" errors="0">
  <testcase name="downloadFile" time="20.966" classname="robotClass.DownloadFileUsingMouseMove"/>
</testsuite> <!-- robotClass.DownloadFileUsingMouseMove -->
