<?xml version="1.0" encoding="UTF-8"?>
<!-- Generated by org.testng.reporters.JUnitReportReporter -->
<testsuite hostname="JAGA" name="autoIT.FileDownload" tests="1" failures="0" timestamp="2 Sep 2017 04:59:11 GMT" time="17.238" errors="0">
  <testcase name="fileDownload" time="17.238" classname="autoIT.FileDownload"/>
</testsuite> <!-- autoIT.FileDownload -->
